Flow report for mux8
Wed Nov 16 15:34:35 2022
Quartus II 64-Bit Version 13.1.0 Build 162 10/23/2013 SJ Web Edition


---------------------
; Table of Contents ;
---------------------
  1. Legal Notice
  2. Flow Summary
  3. Flow Settings
  4. Flow Non-Default Global Settings
  5. Flow Elapsed Time
  6. Flow OS Summary
  7. Flow Log
  8. Flow Messages
  9. Flow Suppressed Messages



----------------
; Legal Notice ;
----------------
Copyright (C) 1991-2013 Altera Corporation
Your use of Altera Corporation's design tools, logic functions 
and other software and tools, and its AMPP partner logic 
functions, and any output files from any of the foregoing 
(including device programming or simulation files), and any 
associated documentation or information are expressly subject 
to the terms and conditions of the Altera Program License 
Subscription Agreement, Altera MegaCore Function License 
Agreement, or other applicable license agreement, including, 
without limitation, that your use is for the sole purpose of 
programming logic devices manufactured by Altera and sold by 
Altera or its authorized distributors.  Please refer to the 
applicable agreement for further details.



+---------------------------------------------------------------------------------+
; Flow Summary                                                                    ;
+------------------------------------+--------------------------------------------+
; Flow Status                        ; Successful - Wed Nov 16 15:34:35 2022      ;
; Quartus II 64-Bit Version          ; 13.1.0 Build 162 10/23/2013 SJ Web Edition ;
; Revision Name                      ; mux8                                       ;
; Top-level Entity Name              ; mux8                                       ;
; Family                             ; Cyclone IV E                               ;
; Device                             ; EP4CE6E22C8                                ;
; Timing Models                      ; Final                                      ;
; Total logic elements               ; 8 / 6,272 ( < 1 % )                        ;
;     Total combinational functions  ; 8 / 6,272 ( < 1 % )                        ;
;     Dedicated logic registers      ; 0 / 6,272 ( 0 % )                          ;
; Total registers                    ; 0                                          ;
; Total pins                         ; 19 / 92 ( 21 % )                           ;
; Total virtual pins                 ; 0                                          ;
; Total memory bits                  ; 0 / 276,480 ( 0 % )                        ;
; Embedded Multiplier 9-bit elements ; 0 / 30 ( 0 % )                             ;
; Total PLLs                         ; 0 / 2 ( 0 % )                              ;
+------------------------------------+--------------------------------------------+


+-----------------------------------------+
; Flow Settings                           ;
+-------------------+---------------------+
; Option            ; Setting             ;
+-------------------+---------------------+
; Start date & time ; 11/16/2022 15:34:26 ;
; Main task         ; Compilation         ;
; Revision Name     ; mux8                ;
+-------------------+---------------------+


+------------------------------------------------------------------------------------------------------------------------------------------+
; Flow Non-Default Global Settings                                                                                                         ;
+-------------------------------------+-----------------------------------------------------+---------------+-------------+----------------+
; Assignment Name                     ; Value                                               ; Default Value ; Entity Name ; Section Id     ;
+-------------------------------------+-----------------------------------------------------+---------------+-------------+----------------+
; COMPILER_SIGNATURE_ID               ; 91763760128.166858406610640                         ; --            ; --          ; --             ;
; EDA_GENERATE_FUNCTIONAL_NETLIST     ; On                                                  ; --            ; --          ; eda_simulation ;
; EDA_NETLIST_WRITER_OUTPUT_DIR       ; C:/Users/suxto/Documents/FPGA/mux8/simulation/qsim/ ; --            ; --          ; eda_simulation ;
; EDA_OUTPUT_DATA_FORMAT              ; Verilog Hdl                                         ; --            ; --          ; eda_simulation ;
; EDA_SIMULATION_TOOL                 ; ModelSim-Altera (Verilog)                           ; <None>        ; --          ; --             ;
; MAX_CORE_JUNCTION_TEMP              ; 85                                                  ; --            ; --          ; --             ;
; MIN_CORE_JUNCTION_TEMP              ; 0                                                   ; --            ; --          ; --             ;
; OUTPUT_IO_TIMING_FAR_END_VMEAS      ; Half Signal Swing                                   ; --            ; --          ; --             ;
; OUTPUT_IO_TIMING_FAR_END_VMEAS      ; Half Signal Swing                                   ; --            ; --          ; --             ;
; OUTPUT_IO_TIMING_NEAR_END_VMEAS     ; Half Vccio                                          ; --            ; --          ; --             ;
; OUTPUT_IO_TIMING_NEAR_END_VMEAS     ; Half Vccio                                          ; --            ; --          ; --             ;
; PARTITION_COLOR                     ; 16764057                                            ; --            ; --          ; Top            ;
; PARTITION_FITTER_PRESERVATION_LEVEL ; PLACEMENT_AND_ROUTING                               ; --            ; --          ; Top            ;
; PARTITION_NETLIST_TYPE              ; SOURCE                                              ; --            ; --          ; Top            ;
; PROJECT_OUTPUT_DIRECTORY            ; output_files                                        ; --            ; --          ; --             ;
+-------------------------------------+-----------------------------------------------------+---------------+-------------+----------------+


+-------------------------------------------------------------------------------------------------------------------------------+
; Flow Elapsed Time                                                                                                             ;
+---------------------------+--------------+-------------------------+---------------------+------------------------------------+
; Module Name               ; Elapsed Time ; Average Processors Used ; Peak Virtual Memory ; Total CPU Time (on all processors) ;
+---------------------------+--------------+-------------------------+---------------------+------------------------------------+
; Analysis & Synthesis      ; 00:00:01     ; 1.0                     ; 4614 MB             ; 00:00:01                           ;
; Fitter                    ; 00:00:02     ; 1.0                     ; 4959 MB             ; 00:00:02                           ;
; Assembler                 ; 00:00:01     ; 1.0                     ; 4572 MB             ; 00:00:00                           ;
; TimeQuest Timing Analyzer ; 00:00:01     ; 1.0                     ; 4637 MB             ; 00:00:01                           ;
; EDA Netlist Writer        ; 00:00:00     ; 1.0                     ; 4538 MB             ; 00:00:00                           ;
; Total                     ; 00:00:05     ; --                      ; --                  ; 00:00:04                           ;
+---------------------------+--------------+-------------------------+---------------------+------------------------------------+


+----------------------------------------------------------------------------------------+
; Flow OS Summary                                                                        ;
+---------------------------+------------------+-----------+------------+----------------+
; Module Name               ; Machine Hostname ; OS Name   ; OS Version ; Processor type ;
+---------------------------+------------------+-----------+------------+----------------+
; Analysis & Synthesis      ; S-FlowX13        ; Windows 7 ; 6.2        ; x86_64         ;
; Fitter                    ; S-FlowX13        ; Windows 7 ; 6.2        ; x86_64         ;
; Assembler                 ; S-FlowX13        ; Windows 7 ; 6.2        ; x86_64         ;
; TimeQuest Timing Analyzer ; S-FlowX13        ; Windows 7 ; 6.2        ; x86_64         ;
; EDA Netlist Writer        ; S-FlowX13        ; Windows 7 ; 6.2        ; x86_64         ;
+---------------------------+------------------+-----------+------------+----------------+


------------
; Flow Log ;
------------
quartus_map --read_settings_files=on --write_settings_files=off mux8 -c mux8
quartus_fit --read_settings_files=off --write_settings_files=off mux8 -c mux8
quartus_asm --read_settings_files=off --write_settings_files=off mux8 -c mux8
quartus_sta mux8 -c mux8
quartus_eda --read_settings_files=off --write_settings_files=off mux8 -c mux8



