Flow report for latch_8bit
Wed Nov 23 14:51:51 2022
Quartus II 64-Bit Version 13.1.0 Build 162 10/23/2013 SJ Web Edition


---------------------
; Table of Contents ;
---------------------
  1. Legal Notice
  2. Flow Summary
  3. Flow Settings
  4. Flow Non-Default Global Settings
  5. Flow Elapsed Time
  6. Flow OS Summary
  7. Flow Log
  8. Flow Messages
  9. Flow Suppressed Messages



----------------
; Legal Notice ;
----------------
Copyright (C) 1991-2013 Altera Corporation
Your use of Altera Corporation's design tools, logic functions 
and other software and tools, and its AMPP partner logic 
functions, and any output files from any of the foregoing 
(including device programming or simulation files), and any 
associated documentation or information are expressly subject 
to the terms and conditions of the Altera Program License 
Subscription Agreement, Altera MegaCore Function License 
Agreement, or other applicable license agreement, including, 
without limitation, that your use is for the sole purpose of 
programming logic devices manufactured by Altera and sold by 
Altera or its authorized distributors.  Please refer to the 
applicable agreement for further details.



+---------------------------------------------------------------------------------+
; Flow Summary                                                                    ;
+------------------------------------+--------------------------------------------+
; Flow Status                        ; Successful - Wed Nov 23 14:51:51 2022      ;
; Quartus II 64-Bit Version          ; 13.1.0 Build 162 10/23/2013 SJ Web Edition ;
; Revision Name                      ; latch_8bit                                 ;
; Top-level Entity Name              ; latch_8bit                                 ;
; Family                             ; Cyclone IV E                               ;
; Device                             ; EP4CE6E22C8                                ;
; Timing Models                      ; Final                                      ;
; Total logic elements               ; 8 / 6,272 ( < 1 % )                        ;
;     Total combinational functions  ; 8 / 6,272 ( < 1 % )                        ;
;     Dedicated logic registers      ; 0 / 6,272 ( 0 % )                          ;
; Total registers                    ; 0                                          ;
; Total pins                         ; 18 / 92 ( 20 % )                           ;
; Total virtual pins                 ; 0                                          ;
; Total memory bits                  ; 0 / 276,480 ( 0 % )                        ;
; Embedded Multiplier 9-bit elements ; 0 / 30 ( 0 % )                             ;
; Total PLLs                         ; 0 / 2 ( 0 % )                              ;
+------------------------------------+--------------------------------------------+


+-----------------------------------------+
; Flow Settings                           ;
+-------------------+---------------------+
; Option            ; Setting             ;
+-------------------+---------------------+
; Start date & time ; 11/23/2022 14:51:30 ;
; Main task         ; Compilation         ;
; Revision Name     ; latch_8bit          ;
+-------------------+---------------------+


+------------------------------------------------------------------------------------------------------------------------------------------------+
; Flow Non-Default Global Settings                                                                                                               ;
+-------------------------------------+-----------------------------------------------------------+---------------+-------------+----------------+
; Assignment Name                     ; Value                                                     ; Default Value ; Entity Name ; Section Id     ;
+-------------------------------------+-----------------------------------------------------------+---------------+-------------+----------------+
; COMPILER_SIGNATURE_ID               ; 91763760128.166918629010364                               ; --            ; --          ; --             ;
; EDA_NETLIST_WRITER_OUTPUT_DIR       ; C:/Users/suxto/Documents/FPGA/latch_8bit/simulation/qsim/ ; --            ; --          ; eda_simulation ;
; EDA_OUTPUT_DATA_FORMAT              ; Verilog Hdl                                               ; --            ; --          ; eda_simulation ;
; EDA_SIMULATION_TOOL                 ; ModelSim-Altera (Verilog)                                 ; <None>        ; --          ; --             ;
; EDA_TIME_SCALE                      ; 1 ps                                                      ; --            ; --          ; eda_simulation ;
; MAX_CORE_JUNCTION_TEMP              ; 85                                                        ; --            ; --          ; --             ;
; MIN_CORE_JUNCTION_TEMP              ; 0                                                         ; --            ; --          ; --             ;
; NOMINAL_CORE_SUPPLY_VOLTAGE         ; 1.2V                                                      ; --            ; --          ; --             ;
; PARTITION_COLOR                     ; 16764057                                                  ; --            ; --          ; Top            ;
; PARTITION_FITTER_PRESERVATION_LEVEL ; PLACEMENT_AND_ROUTING                                     ; --            ; --          ; Top            ;
; PARTITION_NETLIST_TYPE              ; SOURCE                                                    ; --            ; --          ; Top            ;
; PROJECT_OUTPUT_DIRECTORY            ; output_files                                              ; --            ; --          ; --             ;
+-------------------------------------+-----------------------------------------------------------+---------------+-------------+----------------+


+-------------------------------------------------------------------------------------------------------------------------------+
; Flow Elapsed Time                                                                                                             ;
+---------------------------+--------------+-------------------------+---------------------+------------------------------------+
; Module Name               ; Elapsed Time ; Average Processors Used ; Peak Virtual Memory ; Total CPU Time (on all processors) ;
+---------------------------+--------------+-------------------------+---------------------+------------------------------------+
; Analysis & Synthesis      ; 00:00:02     ; 1.0                     ; 4613 MB             ; 00:00:01                           ;
; Fitter                    ; 00:00:07     ; 1.0                     ; 4955 MB             ; 00:00:05                           ;
; Assembler                 ; 00:00:02     ; 1.0                     ; 4572 MB             ; 00:00:01                           ;
; TimeQuest Timing Analyzer ; 00:00:03     ; 1.0                     ; 4628 MB             ; 00:00:02                           ;
; EDA Netlist Writer        ; 00:00:01     ; 1.0                     ; 4538 MB             ; 00:00:01                           ;
; Total                     ; 00:00:15     ; --                      ; --                  ; 00:00:10                           ;
+---------------------------+--------------+-------------------------+---------------------+------------------------------------+


+----------------------------------------------------------------------------------------+
; Flow OS Summary                                                                        ;
+---------------------------+------------------+-----------+------------+----------------+
; Module Name               ; Machine Hostname ; OS Name   ; OS Version ; Processor type ;
+---------------------------+------------------+-----------+------------+----------------+
; Analysis & Synthesis      ; S-FlowX13        ; Windows 7 ; 6.2        ; x86_64         ;
; Fitter                    ; S-FlowX13        ; Windows 7 ; 6.2        ; x86_64         ;
; Assembler                 ; S-FlowX13        ; Windows 7 ; 6.2        ; x86_64         ;
; TimeQuest Timing Analyzer ; S-FlowX13        ; Windows 7 ; 6.2        ; x86_64         ;
; EDA Netlist Writer        ; S-FlowX13        ; Windows 7 ; 6.2        ; x86_64         ;
+---------------------------+------------------+-----------+------------+----------------+


------------
; Flow Log ;
------------
quartus_map --read_settings_files=on --write_settings_files=off latch_8bit -c latch_8bit
quartus_fit --read_settings_files=off --write_settings_files=off latch_8bit -c latch_8bit
quartus_asm --read_settings_files=off --write_settings_files=off latch_8bit -c latch_8bit
quartus_sta latch_8bit -c latch_8bit
quartus_eda --read_settings_files=off --write_settings_files=off latch_8bit -c latch_8bit



